<?xml version="1.0" encoding="UTF-8"?>
<!-- Generated by org.testng.reporters.JUnitXMLReporter -->
<testsuite hostname="DESKTOP-AO32I9U" ignored="2" name="Command line test" tests="2" failures="0" timestamp="16 Mar 2020 17:33:08 GMT" time="90.143" errors="0">
  <testcase name="vendorEdit" time="42.716" classname="testScripts.EditVendorNameTest"/>
  <testcase name="Searchoptions" time="8.561" classname="testScripts.SearchTest"/>
  <testcase name="@AfterSuite dbdisconnect" time="0.0" classname="genericlibrary.BaseClass">
    <ignored/>
  </testcase> <!-- @AfterSuite dbdisconnect -->
  <testcase name="@BeforeSuite dbConnection" time="0.0" classname="genericlibrary.BaseClass">
    <ignored/>
  </testcase> <!-- @BeforeSuite dbConnection -->
</testsuite> <!-- Command line test -->
